<?xml version="1.0" encoding="UTF-8"?>
<!-- Generated by org.testng.reporters.JUnitReportReporter -->
<testsuite hostname="Comp" name="my.supercompany.GoogleTest" tests="1" failures="0" timestamp="3 Mar 2016 00:01:15 GMT" time="7.769" errors="0">
  <testcase name="testSearchText" time="7.769" classname="my.supercompany.GoogleTest"/>
</testsuite> <!-- my.supercompany.GoogleTest -->
