<?xml version="1.0" encoding="UTF-8"?>
<!-- Generated by org.testng.reporters.JUnitReportReporter -->
<testsuite hostname="Comp" name="my.supercompany.GoogleTest" tests="1" failures="0" timestamp="2 Mar 2016 20:41:23 GMT" time="7.761" errors="0">
  <testcase name="testSearchText" time="7.761" classname="my.supercompany.GoogleTest"/>
</testsuite> <!-- my.supercompany.GoogleTest -->
